<?xml version="1.0" encoding="UTF-8"?>
<testng-results skipped="0" failed="0" ignored="0" total="1" passed="1">
  <reporter-output>
  </reporter-output>
  <suite name="Default suite" duration-ms="10583" started-at="2019-06-26T22:34:19Z" finished-at="2019-06-26T22:34:29Z">
    <groups>
    </groups>
    <test name="Default test" duration-ms="10583" started-at="2019-06-26T22:34:19Z" finished-at="2019-06-26T22:34:29Z">
      <class name="tests.Test2">
        <test-method status="PASS" signature="configuracion()[pri:0, instance:tests.Test2@523884b2]" name="configuracion" is-config="true" duration-ms="6377" started-at="2019-06-26T22:34:19Z" finished-at="2019-06-26T22:34:25Z">
          <reporter-output>
          </reporter-output>
        </test-method> <!-- configuracion -->
        <test-method status="PASS" signature="test2(entidades.TestData)[pri:0, instance:tests.Test2@523884b2]" name="test2" duration-ms="3440" started-at="2019-06-26T22:34:25Z" data-provider="datos1" finished-at="2019-06-26T22:34:29Z">
          <params>
            <param index="0">
              <value>
                <![CDATA[entidades.TestData@415b0b49]]>
              </value>
            </param>
          </params>
          <reporter-output>
          </reporter-output>
        </test-method> <!-- test2 -->
        <test-method status="PASS" signature="salir()[pri:0, instance:tests.Test2@523884b2]" name="salir" is-config="true" duration-ms="677" started-at="2019-06-26T22:34:29Z" finished-at="2019-06-26T22:34:29Z">
          <reporter-output>
          </reporter-output>
        </test-method> <!-- salir -->
      </class> <!-- tests.Test2 -->
    </test> <!-- Default test -->
  </suite> <!-- Default suite -->
</testng-results>
